Loaded suite /Users/zhangchen/.rvm/gems/jruby-9.1.13.0@global/gems/rake-12.3.1/lib/rake/rake_test_loader
Started
"    Note: Creating DefaultRealmModule \n<=------------> 9% EXECUTING [1m 0s]> :app:compileFdroidDebugJavaWithJavac<=------------> 9% EXECUTING [1m 1s]<=------------> 9% EXECUTING [1m 2s]<=------------> 9% EXECUTING [1m 3s]<=------------> 9% EXECUTING [1m 4s]<=------------> 9% EXECUTING [1m 5s]<=------------> 9% EXECUTING [1m 6s]e/travis/build/fossasia/open-event-android/android/app/src/main/java/org/fossasia/openevent/activities/SessionDetailActivity.java:365: error: cannot find symboleBuilder.delete(speakers.length()-3,speakers.length()-1); \n^ \nsymbol: method length() \nlocation: variable speakers of type List<Speaker> \n/home/travis/build/fossasia/open-event-android/android/app/src/main/java/org/fossasia/openevent/activities/SessionDetailActivity.java:365: error: cannot find symbol \nspeakersNameBuilder.delete(speakers.length()-3,speakers.length()-1); \n^ \nsymbol: method length() \nlocation: variable speakers of type List<Speaker> \n<=------------> 9% EXECUTING [1m 6s]> :app:compileFdroidDebugJavaWithJavac<=------------> 9% EXECUTING [1m 7s]<=------------> 9% EXECUTING [1m 8s]<=------------> 9% EXECUTING [1m 9s]e input files use or override a deprecated API. \nNote: Recompile with -Xlint:deprecation for details. \nNote: /home/travis/build/fossasia/open-event-\n"
["    Note: Creating DefaultRealmModule \n", "<=------------> 9% EXECUTING [1m 0s]> :app:compileFdroidDebugJavaWithJavac<=------------> 9% EXECUTING [1m 1s]<=------------> 9% EXECUTING [1m 2s]<=------------> 9% EXECUTING [1m 3s]<=------------> 9% EXECUTING [1m 4s]<=------------> 9% EXECUTING [1m 5s]<=------------> 9% EXECUTING [1m 6s]e/travis/build/fossasia/open-event-android/android/app/src/main/java/org/fossasia/openevent/activities/SessionDetailActivity.java:365: error: cannot find symboleBuilder.delete(speakers.length()-3,speakers.length()-1); \n^ \nsymbol: method length() \nlocation: variable speakers of type List<Speaker> \n", "/home/travis/build/fossasia/open-event-android/android/app/src/main/java/org/fossasia/openevent/activities/SessionDetailActivity.java:365: error: cannot find symbol \nspeakersNameBuilder.delete(speakers.length()-3,speakers.length()-1); \n^ \nsymbol: method length() \nlocation: variable speakers of type List<Speaker> \n<=------------> 9% EXECUTING [1m 6s]> :app:compileFdroidDebugJavaWithJavac<=------------> 9% EXECUTING [1m 7s]<=------------> 9% EXECUTING [1m 8s]<=------------> 9% EXECUTING [1m 9s]e input files use or override a deprecated API. \nNote: Recompile with -Xlint:deprecation for details. \nNote: /home/travis/build/fossasia/open-event-\n"]
.............

Finished in 1.600607 seconds.
------
13 tests, 33 assertions, 0 failures, 0 errors, 0 pendings, 0 omissions, 0 notifications
100% passed
------
8.12 tests/s, 20.62 assertions/s
